{"total": {"lines":{"total":40,"covered":23,"skipped":0,"pct":57.5},"statements":{"total":40,"covered":23,"skipped":0,"pct":57.5},"functions":{"total":15,"covered":10,"skipped":0,"pct":66.66},"branches":{"total":4,"covered":3,"skipped":0,"pct":75},"branchesTrue":{"total":0,"covered":0,"skipped":0,"pct":100}}
,"/home/particular/Documentos/Projeto_car_shop/sd-014-b-project-car-shop/src/models/Cars.ts": {"lines":{"total":5,"covered":5,"skipped":0,"pct":100},"functions":{"total":1,"covered":1,"skipped":0,"pct":100},"statements":{"total":5,"covered":5,"skipped":0,"pct":100},"branches":{"total":1,"covered":1,"skipped":0,"pct":100}}
,"/home/particular/Documentos/Projeto_car_shop/sd-014-b-project-car-shop/src/models/MongoModel.ts": {"lines":{"total":12,"covered":5,"skipped":0,"pct":41.66},"functions":{"total":6,"covered":4,"skipped":0,"pct":66.66},"statements":{"total":12,"covered":5,"skipped":0,"pct":41.66},"branches":{"total":0,"covered":0,"skipped":0,"pct":100}}
,"/home/particular/Documentos/Projeto_car_shop/sd-014-b-project-car-shop/src/services/Cars.ts": {"lines":{"total":11,"covered":9,"skipped":0,"pct":81.81},"functions":{"total":2,"covered":2,"skipped":0,"pct":100},"statements":{"total":11,"covered":9,"skipped":0,"pct":81.81},"branches":{"total":3,"covered":2,"skipped":0,"pct":66.66}}
,"/home/particular/Documentos/Projeto_car_shop/sd-014-b-project-car-shop/src/services/index.ts": {"lines":{"total":12,"covered":4,"skipped":0,"pct":33.33},"functions":{"total":6,"covered":3,"skipped":0,"pct":50},"statements":{"total":12,"covered":4,"skipped":0,"pct":33.33},"branches":{"total":0,"covered":0,"skipped":0,"pct":100}}
}
