{"total": {"lines":{"total":118,"covered":43,"skipped":0,"pct":36.44},"statements":{"total":120,"covered":45,"skipped":0,"pct":37.5},"functions":{"total":28,"covered":7,"skipped":0,"pct":25},"branches":{"total":34,"covered":7,"skipped":0,"pct":20.58},"branchesTrue":{"total":0,"covered":0,"skipped":0,"pct":100}}
,"/home/particular/Documentos/Projeto_car_shop/sd-014-b-project-car-shop/src/controllers/Cars.ts": {"lines":{"total":46,"covered":15,"skipped":0,"pct":32.6},"functions":{"total":7,"covered":1,"skipped":0,"pct":14.28},"statements":{"total":46,"covered":15,"skipped":0,"pct":32.6},"branches":{"total":18,"covered":2,"skipped":0,"pct":11.11}}
,"/home/particular/Documentos/Projeto_car_shop/sd-014-b-project-car-shop/src/controllers/index.ts": {"lines":{"total":24,"covered":10,"skipped":0,"pct":41.66},"functions":{"total":5,"covered":1,"skipped":0,"pct":20},"statements":{"total":24,"covered":10,"skipped":0,"pct":41.66},"branches":{"total":6,"covered":0,"skipped":0,"pct":0}}
,"/home/particular/Documentos/Projeto_car_shop/sd-014-b-project-car-shop/src/models/Cars.ts": {"lines":{"total":5,"covered":5,"skipped":0,"pct":100},"functions":{"total":1,"covered":1,"skipped":0,"pct":100},"statements":{"total":5,"covered":5,"skipped":0,"pct":100},"branches":{"total":1,"covered":1,"skipped":0,"pct":100}}
,"/home/particular/Documentos/Projeto_car_shop/sd-014-b-project-car-shop/src/models/MongoModel.ts": {"lines":{"total":12,"covered":2,"skipped":0,"pct":16.66},"functions":{"total":6,"covered":1,"skipped":0,"pct":16.66},"statements":{"total":12,"covered":2,"skipped":0,"pct":16.66},"branches":{"total":0,"covered":0,"skipped":0,"pct":100}}
,"/home/particular/Documentos/Projeto_car_shop/sd-014-b-project-car-shop/src/services/Cars.ts": {"lines":{"total":19,"covered":9,"skipped":0,"pct":47.36},"functions":{"total":3,"covered":2,"skipped":0,"pct":66.66},"statements":{"total":21,"covered":11,"skipped":0,"pct":52.38},"branches":{"total":9,"covered":4,"skipped":0,"pct":44.44}}
,"/home/particular/Documentos/Projeto_car_shop/sd-014-b-project-car-shop/src/services/index.ts": {"lines":{"total":12,"covered":2,"skipped":0,"pct":16.66},"functions":{"total":6,"covered":1,"skipped":0,"pct":16.66},"statements":{"total":12,"covered":2,"skipped":0,"pct":16.66},"branches":{"total":0,"covered":0,"skipped":0,"pct":100}}
}
