TN:
SF:src/models/Cars.ts
FN:16,(anonymous_1)
FNF:1
FNH:1
FNDA:3,(anonymous_1)
DA:1,1
DA:2,1
DA:5,1
DA:17,3
DA:21,1
LF:5
LH:5
BRDA:16,0,0,3
BRF:1
BRH:1
end_of_record
TN:
SF:src/models/MongoModel.ts
FN:5,(anonymous_0)
FN:7,(anonymous_1)
FN:12,(anonymous_2)
FN:17,(anonymous_3)
FN:22,(anonymous_4)
FN:30,(anonymous_5)
FNF:6
FNH:4
FNDA:3,(anonymous_0)
FNDA:1,(anonymous_1)
FNDA:1,(anonymous_2)
FNDA:1,(anonymous_3)
FNDA:0,(anonymous_4)
FNDA:0,(anonymous_5)
DA:5,3
DA:8,1
DA:9,0
DA:13,1
DA:14,0
DA:18,1
DA:19,0
DA:23,0
DA:27,0
DA:31,0
DA:32,0
DA:36,1
LF:12
LH:5
BRF:0
BRH:0
end_of_record
TN:
SF:src/services/Cars.ts
FN:7,(anonymous_1)
FN:11,(anonymous_2)
FNF:2
FNH:2
FNDA:1,(anonymous_1)
FNDA:1,(anonymous_2)
DA:1,1
DA:2,1
DA:4,1
DA:8,1
DA:11,1
DA:12,1
DA:13,1
DA:14,0
DA:16,1
DA:17,0
DA:21,1
LF:11
LH:9
BRDA:7,0,0,1
BRDA:13,1,0,0
BRDA:13,1,1,1
BRF:3
BRH:2
end_of_record
TN:
SF:src/services/index.ts
FN:5,(anonymous_0)
FN:7,(anonymous_1)
FN:13,(anonymous_2)
FN:18,(anonymous_3)
FN:23,(anonymous_4)
FN:31,(anonymous_5)
FNF:6
FNH:3
FNDA:1,(anonymous_0)
FNDA:0,(anonymous_1)
FNDA:1,(anonymous_2)
FNDA:1,(anonymous_3)
FNDA:0,(anonymous_4)
FNDA:0,(anonymous_5)
DA:5,1
DA:9,0
DA:10,0
DA:14,1
DA:15,0
DA:19,1
DA:20,0
DA:27,0
DA:28,0
DA:32,0
DA:33,0
DA:37,1
LF:12
LH:4
BRF:0
BRH:0
end_of_record
